0 info it worked if it ends with ok
1 verbose cli [ 'C:\\Program Files\\nodejs\\node.exe',
1 verbose cli   'C:\\Program Files\\nodejs\\node_modules\\npm\\bin\\npm-cli.js',
1 verbose cli   'start' ]
2 info using npm@4.1.2
3 info using node@v7.7.1
4 verbose run-script [ 'prestart', 'start', 'poststart' ]
5 info lifecycle main_test@1.0.0~prestart: main_test@1.0.0
6 silly lifecycle main_test@1.0.0~prestart: no script for prestart, continuing
7 info lifecycle main_test@1.0.0~start: main_test@1.0.0
8 verbose lifecycle main_test@1.0.0~start: unsafe-perm in lifecycle true
9 verbose lifecycle main_test@1.0.0~start: PATH: C:\Program Files\nodejs\node_modules\npm\bin\node-gyp-bin;E:\Backend\Main_test\node_modules\.bin;C:\ProgramData\Oracle\Java\javapath;C:\Windows\SysWOW64;C:\WINDOWS\system32;C:\WINDOWS;C:\WINDOWS\System32\Wbem;C:\WINDOWS\System32\WindowsPowerShell\v1.0\;C:\WINDOWS\syswow64\config\systemprofile\.dnx\bin;C:\Program Files\Microsoft DNX\Dnvm\;C:\Program Files\Microsoft SQL Server\130\Tools\Binn\;C:\Program Files\Git\cmd;C:\sqlite;C:\MinGW\bin;C:\Program Files\nodejs\;C:\Program Files\MongoDB\Server\3.4\bin;C:\Program Files\PostgreSQL\9.6\bin;C:\Users\prasanth\AppData\Local\Microsoft\WindowsApps;C:\Users\prasanth\AppData\Roaming\npm
10 verbose lifecycle main_test@1.0.0~start: CWD: E:\Backend\Main_test
11 silly lifecycle main_test@1.0.0~start: Args: [ '/d /s /c', 'node server.js' ]
12 silly lifecycle main_test@1.0.0~start: Returned: code: 1  signal: null
13 info lifecycle main_test@1.0.0~start: Failed to exec start script
14 verbose stack Error: main_test@1.0.0 start: `node server.js`
14 verbose stack Exit status 1
14 verbose stack     at EventEmitter.<anonymous> (C:\Program Files\nodejs\node_modules\npm\lib\utils\lifecycle.js:279:16)
14 verbose stack     at emitTwo (events.js:106:13)
14 verbose stack     at EventEmitter.emit (events.js:194:7)
14 verbose stack     at ChildProcess.<anonymous> (C:\Program Files\nodejs\node_modules\npm\lib\utils\spawn.js:40:14)
14 verbose stack     at emitTwo (events.js:106:13)
14 verbose stack     at ChildProcess.emit (events.js:194:7)
14 verbose stack     at maybeClose (internal/child_process.js:899:16)
14 verbose stack     at Process.ChildProcess._handle.onexit (internal/child_process.js:226:5)
15 verbose pkgid main_test@1.0.0
16 verbose cwd E:\Backend\Main_test
17 error Windows_NT 10.0.14393
18 error argv "C:\\Program Files\\nodejs\\node.exe" "C:\\Program Files\\nodejs\\node_modules\\npm\\bin\\npm-cli.js" "start"
19 error node v7.7.1
20 error npm  v4.1.2
21 error code ELIFECYCLE
22 error main_test@1.0.0 start: `node server.js`
22 error Exit status 1
23 error Failed at the main_test@1.0.0 start script 'node server.js'.
23 error Make sure you have the latest version of node.js and npm installed.
23 error If you do, this is most likely a problem with the main_test package,
23 error not with npm itself.
23 error Tell the author that this fails on your system:
23 error     node server.js
23 error You can get information on how to open an issue for this project with:
23 error     npm bugs main_test
23 error Or if that isn't available, you can get their info via:
23 error     npm owner ls main_test
23 error There is likely additional logging output above.
24 verbose exit [ 1, true ]
